<?xml version="1.0" encoding="UTF-8"?>
<testsuite xmlns:xsi="http://www.w3.org/2001/XMLSchema-instance" xsi:noNamespaceSchemaLocation="https://maven.apache.org/surefire/maven-surefire-plugin/xsd/surefire-test-report-3.0.xsd" version="3.0" name="TestSuite" time="1.042" tests="1" errors="0" skipped="0" failures="0">
  <properties>
    <property name="gopherProxySet" value="false"/>
    <property name="awt.toolkit" value="sun.lwawt.macosx.LWCToolkit"/>
    <property name="http.proxyHost" value="localhost"/>
    <property name="file.encoding.pkg" value="sun.io"/>
    <property name="java.specification.version" value="1.8"/>
    <property name="sun.cpu.isalist" value=""/>
    <property name="sun.jnu.encoding" value="UTF-8"/>
    <property name="java.class.path" value="/Users/liucong/Downloads/javaprojects/webauto_java/target/test-classes:/Users/liucong/Downloads/javaprojects/webauto_java/target/classes:/Users/liucong/.m2/repository/org/testng/testng/6.14.3/testng-6.14.3.jar:/Users/liucong/.m2/repository/com/beust/jcommander/1.72/jcommander-1.72.jar:/Users/liucong/.m2/repository/org/apache-extras/beanshell/bsh/2.0b6/bsh-2.0b6.jar:/Users/liucong/.m2/repository/org/seleniumhq/selenium/selenium-api/3.141.59/selenium-api-3.141.59.jar:/Users/liucong/.m2/repository/org/seleniumhq/selenium/selenium-chrome-driver/3.141.59/selenium-chrome-driver-3.141.59.jar:/Users/liucong/.m2/repository/org/seleniumhq/selenium/selenium-remote-driver/3.141.59/selenium-remote-driver-3.141.59.jar:/Users/liucong/.m2/repository/net/bytebuddy/byte-buddy/1.8.15/byte-buddy-1.8.15.jar:/Users/liucong/.m2/repository/org/apache/commons/commons-exec/1.3/commons-exec-1.3.jar:/Users/liucong/.m2/repository/com/google/guava/guava/25.0-jre/guava-25.0-jre.jar:/Users/liucong/.m2/repository/com/google/code/findbugs/jsr305/1.3.9/jsr305-1.3.9.jar:/Users/liucong/.m2/repository/org/checkerframework/checker-compat-qual/2.0.0/checker-compat-qual-2.0.0.jar:/Users/liucong/.m2/repository/com/google/errorprone/error_prone_annotations/2.1.3/error_prone_annotations-2.1.3.jar:/Users/liucong/.m2/repository/com/google/j2objc/j2objc-annotations/1.1/j2objc-annotations-1.1.jar:/Users/liucong/.m2/repository/org/codehaus/mojo/animal-sniffer-annotations/1.14/animal-sniffer-annotations-1.14.jar:/Users/liucong/.m2/repository/com/squareup/okhttp3/okhttp/3.11.0/okhttp-3.11.0.jar:/Users/liucong/.m2/repository/com/squareup/okio/okio/1.14.0/okio-1.14.0.jar:/Users/liucong/.m2/repository/org/seleniumhq/selenium/selenium-support/3.141.59/selenium-support-3.141.59.jar:/Users/liucong/.m2/repository/commons-io/commons-io/2.6/commons-io-2.6.jar:/Users/liucong/.m2/repository/io/qameta/allure/allure-testng/2.13.0/allure-testng-2.13.0.jar:/Users/liucong/.m2/repository/io/qameta/allure/allure-java-commons/2.13.0/allure-java-commons-2.13.0.jar:/Users/liucong/.m2/repository/io/qameta/allure/allure-model/2.13.0/allure-model-2.13.0.jar:/Users/liucong/.m2/repository/com/fasterxml/jackson/core/jackson-databind/2.9.8/jackson-databind-2.9.8.jar:/Users/liucong/.m2/repository/com/fasterxml/jackson/core/jackson-annotations/2.9.0/jackson-annotations-2.9.0.jar:/Users/liucong/.m2/repository/com/fasterxml/jackson/core/jackson-core/2.9.8/jackson-core-2.9.8.jar:/Users/liucong/.m2/repository/org/apache/tika/tika-core/1.20/tika-core-1.20.jar:/Users/liucong/.m2/repository/org/jooq/joor-java-8/0.9.10/joor-java-8-0.9.10.jar:/Users/liucong/.m2/repository/org/json/json/20190722/json-20190722.jar:/Users/liucong/.m2/repository/org/slf4j/slf4j-api/1.7.5/slf4j-api-1.7.5.jar:/Users/liucong/.m2/repository/org/slf4j/slf4j-log4j12/1.7.5/slf4j-log4j12-1.7.5.jar:/Users/liucong/.m2/repository/log4j/log4j/1.2.17/log4j-1.2.17.jar:/Users/liucong/.m2/repository/org/apache/poi/poi/3.9/poi-3.9.jar:/Users/liucong/.m2/repository/commons-codec/commons-codec/1.5/commons-codec-1.5.jar:/Users/liucong/.m2/repository/org/apache/poi/poi-ooxml/3.9/poi-ooxml-3.9.jar:/Users/liucong/.m2/repository/org/apache/poi/poi-ooxml-schemas/3.9/poi-ooxml-schemas-3.9.jar:/Users/liucong/.m2/repository/org/apache/xmlbeans/xmlbeans/2.3.0/xmlbeans-2.3.0.jar:/Users/liucong/.m2/repository/stax/stax-api/1.0.1/stax-api-1.0.1.jar:/Users/liucong/.m2/repository/dom4j/dom4j/1.6.1/dom4j-1.6.1.jar:/Users/liucong/.m2/repository/xml-apis/xml-apis/1.0.b2/xml-apis-1.0.b2.jar:"/>
    <property name="https.proxyPort" value="52240"/>
    <property name="java.vm.vendor" value="Oracle Corporation"/>
    <property name="sun.arch.data.model" value="64"/>
    <property name="java.vendor.url" value="http://java.oracle.com/"/>
    <property name="user.timezone" value="Asia/Shanghai"/>
    <property name="java.vm.specification.version" value="1.8"/>
    <property name="os.name" value="Mac OS X"/>
    <property name="user.country" value="CN"/>
    <property name="sun.java.launcher" value="SUN_STANDARD"/>
    <property name="sun.boot.library.path" value="/Library/Java/JavaVirtualMachines/jdk1.8.0_172.jdk/Contents/Home/jre/lib"/>
    <property name="sun.java.command" value="/Users/liucong/Downloads/javaprojects/webauto_java/target/surefire/surefirebooter4735479233327635446.jar /Users/liucong/Downloads/javaprojects/webauto_java/target/surefire 2019-12-02T22-20-37_999-jvmRun1 surefire6970720152407281814tmp surefire_05527323275094039375tmp"/>
    <property name="surefire.test.class.path" value="/Users/liucong/Downloads/javaprojects/webauto_java/target/test-classes:/Users/liucong/Downloads/javaprojects/webauto_java/target/classes:/Users/liucong/.m2/repository/org/testng/testng/6.14.3/testng-6.14.3.jar:/Users/liucong/.m2/repository/com/beust/jcommander/1.72/jcommander-1.72.jar:/Users/liucong/.m2/repository/org/apache-extras/beanshell/bsh/2.0b6/bsh-2.0b6.jar:/Users/liucong/.m2/repository/org/seleniumhq/selenium/selenium-api/3.141.59/selenium-api-3.141.59.jar:/Users/liucong/.m2/repository/org/seleniumhq/selenium/selenium-chrome-driver/3.141.59/selenium-chrome-driver-3.141.59.jar:/Users/liucong/.m2/repository/org/seleniumhq/selenium/selenium-remote-driver/3.141.59/selenium-remote-driver-3.141.59.jar:/Users/liucong/.m2/repository/net/bytebuddy/byte-buddy/1.8.15/byte-buddy-1.8.15.jar:/Users/liucong/.m2/repository/org/apache/commons/commons-exec/1.3/commons-exec-1.3.jar:/Users/liucong/.m2/repository/com/google/guava/guava/25.0-jre/guava-25.0-jre.jar:/Users/liucong/.m2/repository/com/google/code/findbugs/jsr305/1.3.9/jsr305-1.3.9.jar:/Users/liucong/.m2/repository/org/checkerframework/checker-compat-qual/2.0.0/checker-compat-qual-2.0.0.jar:/Users/liucong/.m2/repository/com/google/errorprone/error_prone_annotations/2.1.3/error_prone_annotations-2.1.3.jar:/Users/liucong/.m2/repository/com/google/j2objc/j2objc-annotations/1.1/j2objc-annotations-1.1.jar:/Users/liucong/.m2/repository/org/codehaus/mojo/animal-sniffer-annotations/1.14/animal-sniffer-annotations-1.14.jar:/Users/liucong/.m2/repository/com/squareup/okhttp3/okhttp/3.11.0/okhttp-3.11.0.jar:/Users/liucong/.m2/repository/com/squareup/okio/okio/1.14.0/okio-1.14.0.jar:/Users/liucong/.m2/repository/org/seleniumhq/selenium/selenium-support/3.141.59/selenium-support-3.141.59.jar:/Users/liucong/.m2/repository/commons-io/commons-io/2.6/commons-io-2.6.jar:/Users/liucong/.m2/repository/io/qameta/allure/allure-testng/2.13.0/allure-testng-2.13.0.jar:/Users/liucong/.m2/repository/io/qameta/allure/allure-java-commons/2.13.0/allure-java-commons-2.13.0.jar:/Users/liucong/.m2/repository/io/qameta/allure/allure-model/2.13.0/allure-model-2.13.0.jar:/Users/liucong/.m2/repository/com/fasterxml/jackson/core/jackson-databind/2.9.8/jackson-databind-2.9.8.jar:/Users/liucong/.m2/repository/com/fasterxml/jackson/core/jackson-annotations/2.9.0/jackson-annotations-2.9.0.jar:/Users/liucong/.m2/repository/com/fasterxml/jackson/core/jackson-core/2.9.8/jackson-core-2.9.8.jar:/Users/liucong/.m2/repository/org/apache/tika/tika-core/1.20/tika-core-1.20.jar:/Users/liucong/.m2/repository/org/jooq/joor-java-8/0.9.10/joor-java-8-0.9.10.jar:/Users/liucong/.m2/repository/org/json/json/20190722/json-20190722.jar:/Users/liucong/.m2/repository/org/slf4j/slf4j-api/1.7.5/slf4j-api-1.7.5.jar:/Users/liucong/.m2/repository/org/slf4j/slf4j-log4j12/1.7.5/slf4j-log4j12-1.7.5.jar:/Users/liucong/.m2/repository/log4j/log4j/1.2.17/log4j-1.2.17.jar:/Users/liucong/.m2/repository/org/apache/poi/poi/3.9/poi-3.9.jar:/Users/liucong/.m2/repository/commons-codec/commons-codec/1.5/commons-codec-1.5.jar:/Users/liucong/.m2/repository/org/apache/poi/poi-ooxml/3.9/poi-ooxml-3.9.jar:/Users/liucong/.m2/repository/org/apache/poi/poi-ooxml-schemas/3.9/poi-ooxml-schemas-3.9.jar:/Users/liucong/.m2/repository/org/apache/xmlbeans/xmlbeans/2.3.0/xmlbeans-2.3.0.jar:/Users/liucong/.m2/repository/stax/stax-api/1.0.1/stax-api-1.0.1.jar:/Users/liucong/.m2/repository/dom4j/dom4j/1.6.1/dom4j-1.6.1.jar:/Users/liucong/.m2/repository/xml-apis/xml-apis/1.0.b2/xml-apis-1.0.b2.jar:"/>
    <property name="sun.cpu.endian" value="little"/>
    <property name="user.home" value="/Users/liucong"/>
    <property name="user.language" value="zh"/>
    <property name="java.specification.vendor" value="Oracle Corporation"/>
    <property name="java.home" value="/Library/Java/JavaVirtualMachines/jdk1.8.0_172.jdk/Contents/Home/jre"/>
    <property name="basedir" value="/Users/liucong/Downloads/javaprojects/webauto_java"/>
    <property name="https.proxyHost" value="localhost"/>
    <property name="file.separator" value="/"/>
    <property name="line.separator" value="&#10;"/>
    <property name="java.vm.specification.vendor" value="Oracle Corporation"/>
    <property name="java.specification.name" value="Java Platform API Specification"/>
    <property name="java.awt.graphicsenv" value="sun.awt.CGraphicsEnvironment"/>
    <property name="surefire.real.class.path" value="/Users/liucong/Downloads/javaprojects/webauto_java/target/surefire/surefirebooter4735479233327635446.jar"/>
    <property name="sun.boot.class.path" value="/Library/Java/JavaVirtualMachines/jdk1.8.0_172.jdk/Contents/Home/jre/lib/resources.jar:/Library/Java/JavaVirtualMachines/jdk1.8.0_172.jdk/Contents/Home/jre/lib/rt.jar:/Library/Java/JavaVirtualMachines/jdk1.8.0_172.jdk/Contents/Home/jre/lib/sunrsasign.jar:/Library/Java/JavaVirtualMachines/jdk1.8.0_172.jdk/Contents/Home/jre/lib/jsse.jar:/Library/Java/JavaVirtualMachines/jdk1.8.0_172.jdk/Contents/Home/jre/lib/jce.jar:/Library/Java/JavaVirtualMachines/jdk1.8.0_172.jdk/Contents/Home/jre/lib/charsets.jar:/Library/Java/JavaVirtualMachines/jdk1.8.0_172.jdk/Contents/Home/jre/lib/jfr.jar:/Library/Java/JavaVirtualMachines/jdk1.8.0_172.jdk/Contents/Home/jre/classes"/>
    <property name="sun.management.compiler" value="HotSpot 64-Bit Tiered Compilers"/>
    <property name="java.runtime.version" value="1.8.0_172-b11"/>
    <property name="user.name" value="liucong"/>
    <property name="path.separator" value=":"/>
    <property name="os.version" value="10.14.6"/>
    <property name="java.endorsed.dirs" value="/Library/Java/JavaVirtualMachines/jdk1.8.0_172.jdk/Contents/Home/jre/lib/endorsed"/>
    <property name="java.runtime.name" value="Java(TM) SE Runtime Environment"/>
    <property name="file.encoding" value="UTF-8"/>
    <property name="java.vm.name" value="Java HotSpot(TM) 64-Bit Server VM"/>
    <property name="localRepository" value="/Users/liucong/.m2/repository"/>
    <property name="java.vendor.url.bug" value="http://bugreport.sun.com/bugreport/"/>
    <property name="java.io.tmpdir" value="/var/folders/np/77llwrj919df6bd0pn_144n80000gn/T/"/>
    <property name="java.version" value="1.8.0_172"/>
    <property name="user.dir" value="/Users/liucong/Downloads/javaprojects/webauto_java"/>
    <property name="os.arch" value="x86_64"/>
    <property name="java.vm.specification.name" value="Java Virtual Machine Specification"/>
    <property name="java.awt.printerjob" value="sun.lwawt.macosx.CPrinterJob"/>
    <property name="sun.os.patch.level" value="unknown"/>
    <property name="java.library.path" value="/Users/liucong/Library/Java/Extensions:/Library/Java/Extensions:/Network/Library/Java/Extensions:/System/Library/Java/Extensions:/usr/lib/java:."/>
    <property name="java.vm.info" value="mixed mode"/>
    <property name="java.vendor" value="Oracle Corporation"/>
    <property name="java.vm.version" value="25.172-b11"/>
    <property name="java.ext.dirs" value="/Users/liucong/Library/Java/Extensions:/Library/Java/JavaVirtualMachines/jdk1.8.0_172.jdk/Contents/Home/jre/lib/ext:/Library/Java/Extensions:/Network/Library/Java/Extensions:/System/Library/Java/Extensions:/usr/lib/java"/>
    <property name="sun.io.unicode.encoding" value="UnicodeBig"/>
    <property name="java.class.version" value="52.0"/>
    <property name="http.proxyPort" value="52240"/>
  </properties>
  <testcase name="testDataProvider" classname="com.curry.webauto_java.scripts.TestDemo" time="0.051"/>
</testsuite>