<?xml version="1.0" encoding="UTF-8"?>
<!-- Generated by org.testng.reporters.JUnitReportReporter -->
<testsuite skipped="0" hostname="liucongdeMacBook-Pro.local" name="com.curry.webauto_java.scripts.TestDemo" tests="1" failures="0" timestamp="02 十二月 2019 14:20:39 GMT" time="0.051" errors="0">
  <testcase name="testDataProvider" time="0.051" classname="com.curry.webauto_java.scripts.TestDemo"/>
</testsuite> <!-- com.curry.webauto_java.scripts.TestDemo -->
